    1  passwd
    2  echo $SHELL
    3  pwd
    4  ls
    5  mkdir files
    6  ls
    7  cd files
    8  pwd
    9  touch new.txt
   10  ls
   11  vi new.txt
   12  ls
   13  vi new.txt
   14  ls -l
   15  ls -lr
   16  touch b.txt
   17  ls
   18  ls -l
   19  ls -ltr
   20  man ls
   21  wget https://raw.githubusercontent.com/khanchandaniashish/CS131/main/spotify-2023.csv
   22  ls
   23  pwd
   24  cat files/
   25  cd files/
   26  ls
   27  cd jadonsp24
   28  ls
   29  cs ~/jadonsp24
   30  cd ~/jadonsp24
   31  cd spotify
   32  cd ~
   33  ls
   34  man tial -f file
   35  man tail
   36  tail spotify-2023.csv 
   37  man tail -f file
   38  nano spotify-2023.csv 
   39  git add myProject
   40  cd myProject
   41  ls
   42  git add jcamacho.txt 
   43  git status
   44  cd ~
   45  nano spotify-2023.csv 
   46  cd myProject/
   47  git commit -m "This is my first commit!"
   48  git config --global user.email "jadon.camacho@gmail.com"
   49  git config --global user.name "jadoncamacho"
   50  git status
   51  git commit -m "This is my first commit!"
   52  cd ~
   53  ls
   54  vi spotify-2023.csv 
   55  vi a
   56  ls
   57  vi spotify-2023.csv 
   58  vi a.txt
   59  ls
   60  cat a.txt 
   61  vi spotify-2023.csv 
   62  cd myProject/
   63  git checkout -b my-new-branch
   64  git branch
   65  cd ~
   66  vi spotify-2023.csv 
   67  $ git --version
   68  git --version
   69  cd ~/Desktop
   70  ld
   71  pw
   72  pwd
   73  mkdir myProject
   74  pwd
   75  cd myProject/
   76  pwd
   77  git init
   78  pwd
   79  touch jcamacho.txt
   80  ls
   81  git status
   82  git remote add origin https://github.com/jadoncamacho/test-repo.git
   83  git branch -M main
   84  git push -u origin main
   85  ld
   86  pwd
   87  ld
   88  cd myProject
   89  ld
   90  cd ~
   91  cd myProject
   92  pwd
   93  ls
   94  git remote add origin https://github.com/jadoncamacho/test-repo.git
   95  git branch -M main
   96  git push -u origin main
   97  git remote add origin https://github.com/jadoncamacho/test-repo.git
   98  git branch -M main
   99  git push -u origin main
  100  git remote add origin https://github.com/jadoncamacho/test-repo.git
  101  git branch -M main
  102  git remote add origin https://github.com/jadoncamacho/test-repo.git
  103  git push -u origin master
  104  git status
  105  git branch
  106  git push origin my-new-branch
  107  git push origin main
  108  git branch
  109  cd ~
  110  ls
  111  cd files
  112  ls
  113  cd myProject
  114  cd~
  115  cd ~
  116  cd myProject/
  117  ls
  118  vi jcamacho.txt 
  119  cd ~
  120  git clone https://github.com/jadoncamacho/test-repo.git
  121  ls
  122  cd test-repo/
  123  ls
  124  cd ~
  125  wget www.github.com
  126  clear
  127  wget www.github.com
  128  git init
  129  git branch -m main
  130  git config --global init.defaultBranch <name>
  131  git config --global init.defaultBranch main
  132  git status
  133  git commit -m "first commit"
  134  mkdir Worksheet1
  135  cd Worksheet1/
  136  ls
  137  history > cmds.log
  138  ls
  139  vi cmds.log 
  140  git add Worksheet1
  141  git add cmds.log 
  142  git commit -m "first commit"
  143  git branch -M main
  144  git branch
  145  git remote add origin https://github.com/jadoncamacho/cs131.git
  146  git push -u origin main
  147  cd ~
  148  man rm
  149  ls
  150  rm index.html
  151  rm index.html.1 
  152  rm a.txt 
  153  ls
  154  cd Worksheet1/
  155  ls
  156  rm cmds.log 
  157  history > cmds.log
  158  ls
  159  vi cmds.log 
  160  git add cmds.log 
  161  git status
  162  git commit -m "changed cmds.log to more recent history log"
  163  git branch
  164  ls
  165  git remote add origin https://github.com/jadoncamacho/cs131.git
  166  git push -M main
  167  git push -u origin main
  168  git branch
  169  git status
  170  cd ~
  171  git clone https://github.com/jadoncamacho/cs131.git
  172  ls
  173  cd cs 131
  174  cd cs131
  175  ls
  176  cd Worksheet1/
  177  ls
  178  vi cmds.log 
  179  cd ~
  180  rm cs131
  181  rmdir cs131
  182  cd cs131
  183  cd Worksheet1/
  184  rm cmds.log 
  185  cd cs131
  186  cd ~
  187  ls
  188  rmdir cs131
  189  cd cs131
  190  rmdir Worksheet1/
  191  cd ~
  192  rmdir cs131
  193  cd cs131
  194  ls
  195  ld
  196  ls
  197  cd ~
  198  rmdir cs131
  199  rm -r cs131
  200  ls
  201  rmdir -r cs131
  202  rm -r cs131
  203  ls
  204  rm -r test-repo/
  205  ls
  206  man tail
  207  grep 'Drake' spotify-2023.csv 
  208  man grep
  209  grep 'Taylor Swift' spotify-2023.csv > linesWithTaylor.txt
  210  cat linesWithTaylor.txt 
  211  wc -l linesWithTaylor.txt 
  212  clear
  213  ls
  214  man grep
  215  grep --color 'PinkPantheress' spotify-2023.csv 
  216  grep 'PinkPantheress' spotify-2023.csv 
  217  clear
  218  pwd
  219  grep PinkPantheress spotify-2023.csv 
  220  grep "PinkPantheress" spotify-2023.csv 
  221  echo pwd
  222  printenv
  223  $printenv
  224  echo $HOME
  225  echo $SHELL
  226  a=1234
  227  echo $a
  228  ls
  229  man ls
  230  echo `pwd`
  231  $name() {echo "CS131";}
  232  $name90 { echo "CS131";}
  233  clear
  234  grep taylor spotify-2023.csv 
  235  grep Taylor spotify-2023.csv 
  236  ls
  237  clear
  238  ls
  239  echo `grep Taylor Swift spotify-2023.csv`
  240  echo `grep 'Taylor Swift' spotify-2023.csv`
  241  grep 'Taylor Swift' spotify-2023.csv 
  242  grep 'Taylor Swift' spotify-2023.csv > linesWithTaylorAndDrake.txt
  243  grep 'Drake' spotify-2023.csv 
  244  grep 'Drake' spotify-2023.csv >> linesWithTaylorAndDrake.txt 
  245  cat linesWithTaylorAndDrake.txt 
  246  wc -l linesWithTaylorAndDrake.txt 
  247  man mv
  248  ls
  249  mkdir spotify
  250  ls
  251  mv linesWithTaylor spotify
  252  man mv
  253  java
  254  whereis java
  255  clear
  256  ls -latr
  257  cat .bashrc
  258  echo $SHELL
  259  ls -latr
  260  clear
  261  vi bash_profile
  262  source .bash_profile
  263  alias 'lll'=alias egrep='egrep --color=auto'
  264  alias fgrep='fgrep --color=auto'
  265  alias grep='grep --color=auto'
  266  alias l.='ls -d .* --color=auto'
  267  alias ll='ls -l --color=auto'
  268  alias ls='ls --color=auto'
  269  alias vi='vim'
  270  alias xzegrep='xzegrep --color=auto'
  271  alias xzfgrep='xzfgrep --color
  272  ls -latr
  273  vi bash_profile
  274  ls
  275  vi bash_profile
  276  source .bash_profile
  277  ls -latr
  278  source bash_profile 
  279  cat bash_profile 
  280  echo 'pwd'
  281  echo "pwd"
  282  echo `pwd`
  283  echo $USER
  284  echo `$USER`
  285  echo '$USER'
  286  echo "$USER"
  287  clear
  288  rm bash_profile 
  289  vi .bash_profile
  290  source .bash_profile 
  291  ls -latr
  292  cat .bash_profile 
  293  rm .bash_profile 
  294  clear
  295  cat /etc/passwd
  296  grep jadon /etc/passwd
  297  grep jadon /etc/profile
  298  cat /etc/pro
  299  cat /etc/profile
  300  clear
  301  grep jadon /etc/passwd
  302  grep jadon /etc/shadow
  303  clear
  304  cat /etc/group
  305  grep jadon /etc/group
  306  clear
  307  sudo cat /etc/shadow
  308  cat /etc/sudoers
  309  sudo cat /etc/sudoers
  310  ls -ltr
  311  cat /etc/group
  312  clear
  313  cat /mnt/scratch/FA23_CS131_Ashish/ashish/a.txt
  314  ls
  315  mkdir Worksheet2
  316  ls
  317  cd Worksheet2
  318  pwd
  319  cs ~
  320  cd ~
  321  pwd
  322  wget https://raw.githubusercontent.com/khanchandaniashish/CS131/main/Global%20YouTube%20Statistics.csv
  323  ls
  324  vi 'Global YouTube Statistics.csv' 
  325  ls
  326  man mv
  327  mv 'Global YouTube Statistics.csv' Worksheet2
  328  ls
  329  cd Worksheet2
  330  pwd
  331  ls
  332  history > cmds.log
  333  vi cmds.log 
  334  history > cmds.log
  335  vi cmds.log 
  336  grep 'United States' 'Global YouTube Statistics.csv' 
  337  clear
  338  grep "Music" 'Global YouTube Statistics.csv' 
  339  vi 'Global YouTube Statistics.csv' 
  340  vi cmds.log 
  341  grep 'Music' 'Global YouTube Statistics.csv' > counts.txt
  342  vi cmds.log 
  343  man wc
  344  wc counts.txt 
  345  wc -l counts.txt 
  346  man wc
  347  wc -w counts.txt 
  348  man grep
  349  grep ^M 'Global YouTube Statistics.csv' 
  350  grep clear
  351  ls
  352  cd Worksheet2
  353  ls
  354  vi 'Global YouTube Statistics.csv' 
  355  man grep
  356  grep -i 'United States' 'Global YouTube Statistics.csv' 
  357  clear
  358  vi 'Global YouTube Statistics.csv' 
  359  grep -i 'United States' 'Global YouTube Statistics.csv' 
  360  grep 'United States' 'Global YouTube Statistics.csv' 
  361  clear
  362  grep -i 'Music' 'Global YouTube Statistics.csv' 
  363  clear
  364  grep 'United States' 'Global YouTube Statistics.csv' > UnitedStatesYoutubers.txt
  365  wc UnitedStatesYoutubers.txt 
  366  grep -i 'United States' 'Global YouTube Statistics.csv' > UnitedStatesYoutubers.txt 
  367  wc UnitedStatesYoutubers.txt 
  368  grep 'Music' 'Global YouTube Statistics.csv' > MusicCategory.txt
  369  vi cmds.log 
  370  ls
  371  wc MusicCategory.txt 
  372  wc -l MusicCategory.txt > counts.txt 
  373  wc -w MusicCategory.txt  >> counts.txt 
  374  vi counts.txt 
  375  vi count
  376  ls
  377  vi counts.txt 
  378  history > cmds.log 
